/home/karesz/Create/electronics/projects/QtuC/release/qcProxy/Device.cpp:11: warning: documented function `bool Device::mConnected' was not declared or defined.
/home/karesz/Create/electronics/projects/QtuC/release/qcProxy/Device.cpp:105: warning: documented function `void Device::addHardwareInterfaceInfo' was not declared or defined.
/home/karesz/Create/electronics/projects/QtuC/release/qcCommon/ClientCommandBase.h:22: warning: argument 'fromElement' of command @param is not found in the argument list of QtuC::ClientCommandBase::applyDomElement(const QDomElement &cmdElement)
/home/karesz/Create/electronics/projects/QtuC/release/qcCommon/ClientCommandBase.h:22: warning: The following parameters of QtuC::ClientCommandBase::applyDomElement(const QDomElement &cmdElement) are not documented:
  parameter 'cmdElement'
/home/karesz/Create/electronics/projects/QtuC/release/qcCommon/ClientCommandFactory.h:49: warning: Illegal </br> tag found

/home/karesz/Create/electronics/projects/QtuC/release/qcCommon/ClientCommandFactory.h:41: warning: Illegal </br> tag found

/home/karesz/Create/electronics/projects/QtuC/release/qcCommon/ClientCommandHeartBeat.h:21: warning: argument 'fromElement' of command @param is not found in the argument list of QtuC::ClientCommandHeartBeat::applyDomElement(const QDomElement &cmdElement) inherited from member applyDomElement at line 22 in file /home/karesz/Create/electronics/projects/QtuC/release/qcCommon/ClientCommandBase.h
/home/karesz/Create/electronics/projects/QtuC/release/qcCommon/ClientCommandHeartBeat.h:21: warning: The following parameters of QtuC::ClientCommandHeartBeat::applyDomElement(const QDomElement &cmdElement) are not documented:
  parameter 'cmdElement'
/home/karesz/Create/electronics/projects/QtuC/release/qcCommon/ClientConnectionManagerBase.h:44: warning: The following parameters of QtuC::ClientConnectionManagerBase::ClientConnectionManagerBase(QTcpSocket *socket, QObject *parent=0) are not documented:
  parameter 'parent'
/home/karesz/Create/electronics/projects/QtuC/release/qcCommon/ClientConnectionManagerBase.h:87: warning: argument 'The' of command @param is not found in the argument list of QtuC::ClientConnectionManagerBase::setSelfInfo(const QHash< QString, QString > &infoList)
/home/karesz/Create/electronics/projects/QtuC/release/qcCommon/ClientConnectionManagerBase.h:87: warning: The following parameters of QtuC::ClientConnectionManagerBase::setSelfInfo(const QHash< QString, QString > &infoList) are not documented:
  parameter 'infoList'
/home/karesz/Create/electronics/projects/QtuC/release/qcCommon/ClientPacket.h:25: warning: Invalid list item found
/home/karesz/Create/electronics/projects/QtuC/release/qcCommon/ClientPacket.h:39: warning: The following parameters of QtuC::ClientPacket::ClientPacket(ClientCommandBase *clientCommand, QObject *parent) are not documented:
  parameter 'parent'
/home/karesz/Create/electronics/projects/QtuC/release/qcCommon/ClientPacket.h:113: warning: The following parameters of QtuC::ClientPacket::ClientPacket(const QDomElement &packetElement, QObject *parent=0) are not documented:
  parameter 'parent'
/home/karesz/Create/electronics/projects/QtuC/release/qcCommon/ClientPacket.h:60: warning: Unsupported xml/html tag <serverShortName> found
/home/karesz/Create/electronics/projects/QtuC/release/qcCommon/ClientPacket.h:60: warning: Unsupported xml/html tag <packetIdNum> found
/home/karesz/Create/electronics/projects/QtuC/release/qcCommon/ClientPacket.h:81: warning: argument 'True' of command @param is not found in the argument list of QtuC::ClientPacket::setClass(packetClass_t pClass)
/home/karesz/Create/electronics/projects/QtuC/release/qcCommon/ClientPacket.h:81: warning: The following parameters of QtuC::ClientPacket::setClass(packetClass_t pClass) are not documented:
  parameter 'pClass'
/home/karesz/Create/electronics/projects/QtuC/release/qcCommon/DeviceAPIParser.h:33: warning: argument 'The' of command @param is not found in the argument list of QtuC::DeviceAPIParser::getHash(const QString &apiString)
/home/karesz/Create/electronics/projects/QtuC/release/qcCommon/DeviceAPIParser.h:33: warning: The following parameters of QtuC::DeviceAPIParser::getHash(const QString &apiString) are not documented:
  parameter 'apiString'
/home/karesz/Create/electronics/projects/QtuC/release/qcCommon/DeviceCommandBase.h:113: warning: argument 'cmdStr' of command @param is not found in the argument list of QtuC::DeviceCommandBase::commandTypeFromString(const QString &typeStr)
/home/karesz/Create/electronics/projects/QtuC/release/qcCommon/DeviceCommandBase.h:113: warning: The following parameters of QtuC::DeviceCommandBase::commandTypeFromString(const QString &typeStr) are not documented:
  parameter 'typeStr'
/home/karesz/Create/electronics/projects/QtuC/release/qcCommon/DeviceStateVariable.h:209: warning: The following parameters of QtuC::DeviceStateVariable::DeviceStateVariable(const QString &varHwInterface, const QString &varName, const QString &varType, const QString &varRawType="", const QString convertScriptFromRaw, const QString convertScriptToRaw) are not documented:
  parameter 'convertScriptFromRaw'
  parameter 'convertScriptToRaw'
/home/karesz/Create/electronics/projects/QtuC/release/qcCommon/DeviceStateVariable.h:34: warning: The following parameters of QtuC::DeviceStateVariable::init(const QString &varHwInterface, const QString &varName, const QString &varType, const QString &varRawType="", const QString convertScriptFromRaw="", const QString convertScriptToRaw="") are not documented:
  parameter 'convertScriptFromRaw'
  parameter 'convertScriptToRaw'
/home/karesz/Create/electronics/projects/QtuC/release/qcCommon/DeviceStateVariable.h:183: warning: argument 'QString' of command @param is not found in the argument list of QtuC::DeviceStateVariable::setOnDevice(const QString &)
/home/karesz/Create/electronics/projects/QtuC/release/qcCommon/DeviceStateVariable.h:199: warning: argument 'rawValue' of command @param is not found in the argument list of QtuC::DeviceStateVariable::updated(const QVariant &mRawValue)
/home/karesz/Create/electronics/projects/QtuC/release/qcCommon/DeviceStateVariable.h:199: warning: The following parameters of QtuC::DeviceStateVariable::updated(const QVariant &mRawValue) are not documented:
  parameter 'mRawValue'
/home/karesz/Create/electronics/projects/QtuC/release/qcCommon/DeviceStateVariable.h:192: warning: argument 'QVariant' of command @param is not found in the argument list of QtuC::DeviceStateVariable::valueChanged(const QVariant &)
/home/karesz/Create/electronics/projects/QtuC/release/qcCommon/DeviceStateVariable.h:193: warning: argument 'QString' of command @param is not found in the argument list of QtuC::DeviceStateVariable::valueChanged(const QString &)
/home/karesz/Create/electronics/projects/QtuC/release/qcCommon/DeviceStateVariable.h:194: warning: argument 'int' of command @param is not found in the argument list of QtuC::DeviceStateVariable::valueChanged(int)
/home/karesz/Create/electronics/projects/QtuC/release/qcCommon/DeviceStateVariable.h:195: warning: argument 'double' of command @param is not found in the argument list of QtuC::DeviceStateVariable::valueChanged(double)
/home/karesz/Create/electronics/projects/QtuC/release/qcCommon/DeviceStateVariable.h:196: warning: argument 'bool' of command @param is not found in the argument list of QtuC::DeviceStateVariable::valueChanged(bool)
/home/karesz/Create/electronics/projects/QtuC/release/qcCommon/DeviceStateVariable.h:186: warning: argument 'QVariant' of command @param is not found in the argument list of QtuC::DeviceStateVariable::valueChangedRaw(const QVariant &)
/home/karesz/Create/electronics/projects/QtuC/release/qcCommon/DeviceStateVariable.h:187: warning: argument 'QString' of command @param is not found in the argument list of QtuC::DeviceStateVariable::valueChangedRaw(const QString &)
/home/karesz/Create/electronics/projects/QtuC/release/qcCommon/DeviceStateVariable.h:188: warning: argument 'int' of command @param is not found in the argument list of QtuC::DeviceStateVariable::valueChangedRaw(int)
/home/karesz/Create/electronics/projects/QtuC/release/qcCommon/DeviceStateVariable.h:189: warning: argument 'double' of command @param is not found in the argument list of QtuC::DeviceStateVariable::valueChangedRaw(double)
/home/karesz/Create/electronics/projects/QtuC/release/qcCommon/DeviceStateVariable.h:190: warning: argument 'bool' of command @param is not found in the argument list of QtuC::DeviceStateVariable::valueChangedRaw(bool)
/home/karesz/Create/electronics/projects/QtuC/release/qcCommon/ErrorHandlerBase.h:36: warning: argument 'type' of command @param is not found in the argument list of QtuC::ErrorHandlerBase::error(QtMsgType severity, const QString &msg, const QString &location="", const QHash< QString, QString > &details=QHash< QString, QString >())
/home/karesz/Create/electronics/projects/QtuC/release/qcCommon/ErrorHandlerBase.h:36: warning: The following parameters of QtuC::ErrorHandlerBase::error(QtMsgType severity, const QString &msg, const QString &location="", const QHash< QString, QString > &details=QHash< QString, QString >()) are not documented:
  parameter 'severity'
/home/karesz/Create/electronics/projects/QtuC/release/qcProxy/Device.h:33: warning: The following parameters of QtuC::Device::Device(const QStringList &hwInterfaceList, const QStringList &hwInterfaceInfoList, const QString &deviceName, QObject *parent=0) are not documented:
  parameter 'parent'
/home/karesz/Create/electronics/projects/QtuC/release/qcProxy/Device.h:44: warning: The following parameters of QtuC::Device::create(const QStringList &hwInterfaceList, const QStringList &hwInterfaceInfoList, const QString &deviceName, QObject *parent) are not documented:
  parameter 'parent'
/home/karesz/Create/electronics/projects/QtuC/release/qcProxy/Device.h:132: warning: argument 'connectedState' of command @param is not found in the argument list of QtuC::Device::setName(const QString &deviceName)
/home/karesz/Create/electronics/projects/QtuC/release/qcProxy/DeviceAPI.h:22: warning: argument 'apiDefString' of command @param is not found in the argument list of QtuC::DeviceAPI::DeviceAPI(QObject *parent=0)
/home/karesz/Create/electronics/projects/QtuC/release/qcProxy/DeviceAPI.h:22: warning: The following parameters of QtuC::DeviceAPI::DeviceAPI(QObject *parent=0) are not documented:
  parameter 'parent'
/home/karesz/Create/electronics/projects/QtuC/release/doc/mainpage.md:34: warning: Found unknown command `\Device'
